<?xml version="1.0" encoding="UTF-8"?>
<!-- Generated by org.testng.reporters.JUnitReportReporter -->
<testsuite hostname="QSP" failures="0" tests="1" name="parameters.Queryparametertest0" time="9.873" errors="0" timestamp="2021-05-26T06:19:36 IST" skipped="0">
  <testcase classname="parameters.Queryparametertest0" name="demo" time="9.873"/>
</testsuite> <!-- parameters.Queryparametertest0 -->
