<?xml version="1.0" encoding="UTF-8"?>
<!-- Generated by org.testng.reporters.JUnitReportReporter -->
<testsuite hostname="QSP" failures="0" tests="1" name="scripts.CreateaRepro" time="6.272" errors="0" timestamp="2021-05-22T06:19:31 IST" skipped="0">
  <testcase classname="scripts.CreateaRepro" name="postrequest" time="6.272"/>
</testsuite> <!-- scripts.CreateaRepro -->
