<?xml version="1.0" encoding="UTF-8"?>
<!-- Generated by org.testng.reporters.JUnitReportReporter -->
<testsuite hostname="QSP" failures="0" tests="1" name="scripts.GetOperation" time="6.899" errors="0" timestamp="2021-05-21T05:55:25 IST" skipped="0">
  <testcase classname="scripts.GetOperation" name="getallProjects" time="6.899"/>
</testsuite> <!-- scripts.GetOperation -->
