<?xml version="1.0" encoding="UTF-8"?>
<!-- Generated by org.testng.reporters.JUnitReportReporter -->
<testsuite hostname="QSP" failures="0" tests="1" name="scripts.Detelerepro" time="5.910" errors="0" timestamp="2021-05-22T06:17:39 IST" skipped="0">
  <testcase classname="scripts.Detelerepro" name="deleterequest" time="5.910"/>
</testsuite> <!-- scripts.Detelerepro -->
