<?xml version="1.0" encoding="UTF-8"?>
<!-- Generated by org.testng.reporters.JUnitReportReporter -->
<testsuite hostname="QSP" failures="0" tests="1" name="validation.Getallthetitle" time="8.496" errors="0" timestamp="2021-05-25T06:22:51 IST" skipped="0">
  <testcase classname="validation.Getallthetitle" name="demo" time="8.496"/>
</testsuite> <!-- validation.Getallthetitle -->
