<?xml version="1.0" encoding="UTF-8"?>
<!-- Generated by org.testng.reporters.JUnitReportReporter -->
<testsuite hostname="QSP" failures="0" tests="1" name="validation.Test0" time="6.886" errors="0" timestamp="2021-05-25T05:56:49 IST" skipped="0">
  <testcase classname="validation.Test0" name="validateHeader" time="6.886"/>
</testsuite> <!-- validation.Test0 -->
