<?xml version="1.0" encoding="UTF-8"?>
<!-- Generated by org.testng.reporters.JUnitReportReporter -->
<testsuite hostname="QSP" failures="0" tests="1" name="scripts.GetStatuscode" time="7.198" errors="0" timestamp="2021-05-21T06:04:02 IST" skipped="0">
  <testcase classname="scripts.GetStatuscode" name="getprojectval" time="7.198"/>
</testsuite> <!-- scripts.GetStatuscode -->
