<?xml version="1.0" encoding="UTF-8"?>
<!-- Generated by org.testng.reporters.JUnitReportReporter -->
<testsuite hostname="QSP" failures="0" tests="1" name="scripts.GetRepro" time="6.955" errors="0" timestamp="2021-05-22T05:56:30 IST" skipped="0">
  <testcase classname="scripts.GetRepro" name="getrequest" time="6.955"/>
</testsuite> <!-- scripts.GetRepro -->
