<?xml version="1.0" encoding="UTF-8"?>
<!-- Generated by org.testng.reporters.JUnitReportReporter -->
<testsuite hostname="QSP" failures="0" tests="1" name="validation.GetTheTitle" time="8.979" errors="0" timestamp="2021-05-25T06:17:04 IST" skipped="0">
  <testcase classname="validation.GetTheTitle" name="test0" time="8.979"/>
</testsuite> <!-- validation.GetTheTitle -->
