<?xml version="1.0" encoding="UTF-8"?>
<!-- Generated by org.testng.reporters.JUnitReportReporter -->
<testsuite hostname="QSP" failures="0" tests="1" name="parameters.Test1" time="10.382" errors="0" timestamp="2021-05-26T06:39:00 IST" skipped="0">
  <testcase classname="parameters.Test1" name="propertytransfer" time="10.382"/>
</testsuite> <!-- parameters.Test1 -->
