<?xml version="1.0" encoding="UTF-8"?>
<!-- Generated by org.testng.reporters.JUnitReportReporter -->
<testsuite hostname="QSP" failures="0" tests="1" name="scripts.Test0" time="5.109" errors="0" timestamp="2021-05-21T06:22:01 IST" skipped="0">
  <testcase classname="scripts.Test0" name="demo" time="5.109"/>
</testsuite> <!-- scripts.Test0 -->
