<?xml version="1.0" encoding="UTF-8"?>
<!-- Generated by org.testng.reporters.JUnitReportReporter -->
<testsuite hostname="QSP" failures="0" tests="1" name="scripts.Getreuest" time="5.615" errors="0" timestamp="2021-05-21T06:19:16 IST" skipped="0">
  <testcase classname="scripts.Getreuest" name="demo" time="5.615"/>
</testsuite> <!-- scripts.Getreuest -->
