<?xml version="1.0" encoding="UTF-8"?>
<!-- Generated by org.testng.reporters.JUnitReportReporter -->
<testsuite hostname="QSP" failures="0" tests="1" name="parameters.Test0" time="8.948" errors="0" timestamp="2021-05-26T06:24:36 IST" skipped="0">
  <testcase classname="parameters.Test0" name="togetrepro" time="8.948"/>
</testsuite> <!-- parameters.Test0 -->
