<?xml version="1.0" encoding="UTF-8"?>
<!-- Generated by org.testng.reporters.JUnitReportReporter -->
<testsuite hostname="QSP" failures="0" tests="1" name="scripts.UpdateTherepro" time="6.220" errors="0" timestamp="2021-05-22T06:12:31 IST" skipped="0">
  <testcase classname="scripts.UpdateTherepro" name="update" time="6.220"/>
</testsuite> <!-- scripts.UpdateTherepro -->
